Analysis & Synthesis report for BIG_SOUND_BLOCK
Wed Oct 13 15:50:51 2021
Quartus II 64-Bit Version 13.0.1 Build 232 06/12/2013 Service Pack 1 SJ Full Version


---------------------
; Table of Contents ;
---------------------
  1. Legal Notice
  2. Analysis & Synthesis Summary
  3. Analysis & Synthesis Settings
  4. Parallel Compilation
  5. Analysis & Synthesis Source Files Read
  6. Analysis & Synthesis Resource Usage Summary
  7. Analysis & Synthesis Resource Utilization by Entity
  8. Analysis & Synthesis DSP Block Usage Summary
  9. Logic Cells Representing Combinational Loops
 10. Registers Removed During Synthesis
 11. General Register Statistics
 12. Multiplexer Restructuring Statistics (Restructuring Performed)
 13. Parameter Settings for Inferred Entity Instance: Balance_Control:inst1|lpm_mult:Mult0
 14. Parameter Settings for Inferred Entity Instance: Volume_Control:inst3|lpm_mult:Mult0
 15. Parameter Settings for Inferred Entity Instance: ECHO_GEN:inst4|lpm_mult:Mult0
 16. Parameter Settings for Inferred Entity Instance: Dist:inst2|lpm_mult:Mult0
 17. Parameter Settings for Inferred Entity Instance: ECHO_GEN:inst4|lpm_mult:Mult1
 18. lpm_mult Parameter Settings by Entity Instance
 19. Elapsed Time Per Partition
 20. Analysis & Synthesis Messages



----------------
; Legal Notice ;
----------------
Copyright (C) 1991-2013 Altera Corporation
Your use of Altera Corporation's design tools, logic functions 
and other software and tools, and its AMPP partner logic 
functions, and any output files from any of the foregoing 
(including device programming or simulation files), and any 
associated documentation or information are expressly subject 
to the terms and conditions of the Altera Program License 
Subscription Agreement, Altera MegaCore Function License 
Agreement, or other applicable license agreement, including, 
without limitation, that your use is for the sole purpose of 
programming logic devices manufactured by Altera and sold by 
Altera or its authorized distributors.  Please refer to the 
applicable agreement for further details.



+---------------------------------------------------------------------------------------+
; Analysis & Synthesis Summary                                                          ;
+------------------------------------+--------------------------------------------------+
; Analysis & Synthesis Status        ; Successful - Wed Oct 13 15:50:51 2021            ;
; Quartus II 64-Bit Version          ; 13.0.1 Build 232 06/12/2013 SP 1 SJ Full Version ;
; Revision Name                      ; BIG_SOUND_BLOCK                                  ;
; Top-level Entity Name              ; BIG_SOUND_BLOCK                                  ;
; Family                             ; Cyclone IV E                                     ;
; Total logic elements               ; 1,044                                            ;
;     Total combinational functions  ; 962                                              ;
;     Dedicated logic registers      ; 367                                              ;
; Total registers                    ; 367                                              ;
; Total pins                         ; 73                                               ;
; Total virtual pins                 ; 0                                                ;
; Total memory bits                  ; 0                                                ;
; Embedded Multiplier 9-bit elements ; 8                                                ;
; Total PLLs                         ; 0                                                ;
+------------------------------------+--------------------------------------------------+


+----------------------------------------------------------------------------------------------------------------------+
; Analysis & Synthesis Settings                                                                                        ;
+----------------------------------------------------------------------------+--------------------+--------------------+
; Option                                                                     ; Setting            ; Default Value      ;
+----------------------------------------------------------------------------+--------------------+--------------------+
; Device                                                                     ; EP4CE115F29C7      ;                    ;
; Top-level entity name                                                      ; BIG_SOUND_BLOCK    ; BIG_SOUND_BLOCK    ;
; Family name                                                                ; Cyclone IV E       ; Cyclone IV GX      ;
; Use smart compilation                                                      ; Off                ; Off                ;
; Enable parallel Assembler and TimeQuest Timing Analyzer during compilation ; On                 ; On                 ;
; Enable compact report table                                                ; Off                ; Off                ;
; Restructure Multiplexers                                                   ; Auto               ; Auto               ;
; Create Debugging Nodes for IP Cores                                        ; Off                ; Off                ;
; Preserve fewer node names                                                  ; On                 ; On                 ;
; Disable OpenCore Plus hardware evaluation                                  ; Off                ; Off                ;
; Verilog Version                                                            ; Verilog_2001       ; Verilog_2001       ;
; VHDL Version                                                               ; VHDL_1993          ; VHDL_1993          ;
; State Machine Processing                                                   ; Auto               ; Auto               ;
; Safe State Machine                                                         ; Off                ; Off                ;
; Extract Verilog State Machines                                             ; On                 ; On                 ;
; Extract VHDL State Machines                                                ; On                 ; On                 ;
; Ignore Verilog initial constructs                                          ; Off                ; Off                ;
; Iteration limit for constant Verilog loops                                 ; 5000               ; 5000               ;
; Iteration limit for non-constant Verilog loops                             ; 250                ; 250                ;
; Add Pass-Through Logic to Inferred RAMs                                    ; On                 ; On                 ;
; Infer RAMs from Raw Logic                                                  ; On                 ; On                 ;
; Parallel Synthesis                                                         ; On                 ; On                 ;
; DSP Block Balancing                                                        ; Auto               ; Auto               ;
; NOT Gate Push-Back                                                         ; On                 ; On                 ;
; Power-Up Don't Care                                                        ; On                 ; On                 ;
; Remove Redundant Logic Cells                                               ; Off                ; Off                ;
; Remove Duplicate Registers                                                 ; On                 ; On                 ;
; Ignore CARRY Buffers                                                       ; Off                ; Off                ;
; Ignore CASCADE Buffers                                                     ; Off                ; Off                ;
; Ignore GLOBAL Buffers                                                      ; Off                ; Off                ;
; Ignore ROW GLOBAL Buffers                                                  ; Off                ; Off                ;
; Ignore LCELL Buffers                                                       ; Off                ; Off                ;
; Ignore SOFT Buffers                                                        ; On                 ; On                 ;
; Limit AHDL Integers to 32 Bits                                             ; Off                ; Off                ;
; Optimization Technique                                                     ; Balanced           ; Balanced           ;
; Carry Chain Length                                                         ; 70                 ; 70                 ;
; Auto Carry Chains                                                          ; On                 ; On                 ;
; Auto Open-Drain Pins                                                       ; On                 ; On                 ;
; Perform WYSIWYG Primitive Resynthesis                                      ; Off                ; Off                ;
; Auto ROM Replacement                                                       ; On                 ; On                 ;
; Auto RAM Replacement                                                       ; On                 ; On                 ;
; Auto DSP Block Replacement                                                 ; On                 ; On                 ;
; Auto Shift Register Replacement                                            ; Auto               ; Auto               ;
; Allow Shift Register Merging across Hierarchies                            ; Auto               ; Auto               ;
; Auto Clock Enable Replacement                                              ; On                 ; On                 ;
; Strict RAM Replacement                                                     ; Off                ; Off                ;
; Allow Synchronous Control Signals                                          ; On                 ; On                 ;
; Force Use of Synchronous Clear Signals                                     ; Off                ; Off                ;
; Auto RAM Block Balancing                                                   ; On                 ; On                 ;
; Auto RAM to Logic Cell Conversion                                          ; Off                ; Off                ;
; Auto Resource Sharing                                                      ; Off                ; Off                ;
; Allow Any RAM Size For Recognition                                         ; Off                ; Off                ;
; Allow Any ROM Size For Recognition                                         ; Off                ; Off                ;
; Allow Any Shift Register Size For Recognition                              ; Off                ; Off                ;
; Use LogicLock Constraints during Resource Balancing                        ; On                 ; On                 ;
; Ignore translate_off and synthesis_off directives                          ; Off                ; Off                ;
; Timing-Driven Synthesis                                                    ; On                 ; On                 ;
; Report Parameter Settings                                                  ; On                 ; On                 ;
; Report Source Assignments                                                  ; On                 ; On                 ;
; Report Connectivity Checks                                                 ; On                 ; On                 ;
; Ignore Maximum Fan-Out Assignments                                         ; Off                ; Off                ;
; Synchronization Register Chain Length                                      ; 2                  ; 2                  ;
; PowerPlay Power Optimization                                               ; Normal compilation ; Normal compilation ;
; HDL message level                                                          ; Level2             ; Level2             ;
; Suppress Register Optimization Related Messages                            ; Off                ; Off                ;
; Number of Removed Registers Reported in Synthesis Report                   ; 5000               ; 5000               ;
; Number of Swept Nodes Reported in Synthesis Report                         ; 5000               ; 5000               ;
; Number of Inverted Registers Reported in Synthesis Report                  ; 100                ; 100                ;
; Clock MUX Protection                                                       ; On                 ; On                 ;
; Auto Gated Clock Conversion                                                ; Off                ; Off                ;
; Block Design Naming                                                        ; Auto               ; Auto               ;
; SDC constraint protection                                                  ; Off                ; Off                ;
; Synthesis Effort                                                           ; Auto               ; Auto               ;
; Shift Register Replacement - Allow Asynchronous Clear Signal               ; On                 ; On                 ;
; Pre-Mapping Resynthesis Optimization                                       ; Off                ; Off                ;
; Analysis & Synthesis Message Level                                         ; Medium             ; Medium             ;
; Disable Register Merging Across Hierarchies                                ; Auto               ; Auto               ;
; Resource Aware Inference For Block RAM                                     ; On                 ; On                 ;
; Synthesis Seed                                                             ; 1                  ; 1                  ;
+----------------------------------------------------------------------------+--------------------+--------------------+


+------------------------------------------+
; Parallel Compilation                     ;
+----------------------------+-------------+
; Processors                 ; Number      ;
+----------------------------+-------------+
; Number detected on machine ; 6           ;
; Maximum allowed            ; 6           ;
;                            ;             ;
; Average used               ; 1.00        ;
; Maximum used               ; 6           ;
;                            ;             ;
; Usage by Processor         ; % Time Used ;
;     Processor 1            ; 100.0%      ;
;     Processors 2-6         ; < 0.1%      ;
+----------------------------+-------------+


+----------------------------------------------------------------------------------------------------------------------------------------------------------------------------------------------------+
; Analysis & Synthesis Source Files Read                                                                                                                                                             ;
+----------------------------------+-----------------+------------------------------------+------------------------------------------------------------------------------------------------+---------+
; File Name with User-Entered Path ; Used in Netlist ; File Type                          ; File Name with Absolute Path                                                                   ; Library ;
+----------------------------------+-----------------+------------------------------------+------------------------------------------------------------------------------------------------+---------+
; SndDriver.bdf                    ; yes             ; User Block Diagram/Schematic File  ; X:/KURSKOD/tsiu03 Systemkonstruktion/TSIU03-VHDL-Gang/Code/BIG_SOUND_BLOCK/SndDriver.bdf       ;         ;
; ECHO_GEN.vhd                     ; yes             ; User VHDL File                     ; X:/KURSKOD/tsiu03 Systemkonstruktion/TSIU03-VHDL-Gang/Code/BIG_SOUND_BLOCK/ECHO_GEN.vhd        ;         ;
; channel_mod.vhd                  ; yes             ; User VHDL File                     ; X:/KURSKOD/tsiu03 Systemkonstruktion/TSIU03-VHDL-Gang/Code/BIG_SOUND_BLOCK/channel_mod.vhd     ;         ;
; Volume_Control.vhd               ; yes             ; User VHDL File                     ; X:/KURSKOD/tsiu03 Systemkonstruktion/TSIU03-VHDL-Gang/Code/BIG_SOUND_BLOCK/Volume_Control.vhd  ;         ;
; Dist.vhd                         ; yes             ; User VHDL File                     ; X:/KURSKOD/tsiu03 Systemkonstruktion/TSIU03-VHDL-Gang/Code/BIG_SOUND_BLOCK/Dist.vhd            ;         ;
; SRAM_control.vhd                 ; yes             ; User VHDL File                     ; X:/KURSKOD/tsiu03 Systemkonstruktion/TSIU03-VHDL-Gang/Code/BIG_SOUND_BLOCK/SRAM_control.vhd    ;         ;
; ctrl.vhd                         ; yes             ; User VHDL File                     ; X:/KURSKOD/tsiu03 Systemkonstruktion/TSIU03-VHDL-Gang/Code/BIG_SOUND_BLOCK/ctrl.vhd            ;         ;
; my_mux.vhd                       ; yes             ; User VHDL File                     ; X:/KURSKOD/tsiu03 Systemkonstruktion/TSIU03-VHDL-Gang/Code/BIG_SOUND_BLOCK/my_mux.vhd          ;         ;
; Balance_Control.vhd              ; yes             ; User VHDL File                     ; X:/KURSKOD/tsiu03 Systemkonstruktion/TSIU03-VHDL-Gang/Code/BIG_SOUND_BLOCK/Balance_Control.vhd ;         ;
; BIG_SOUND_BLOCK.bdf              ; yes             ; User Block Diagram/Schematic File  ; X:/KURSKOD/tsiu03 Systemkonstruktion/TSIU03-VHDL-Gang/Code/BIG_SOUND_BLOCK/BIG_SOUND_BLOCK.bdf ;         ;
; lpm_mult.tdf                     ; yes             ; Megafunction                       ; c:/altera/13.0sp1/quartus/libraries/megafunctions/lpm_mult.tdf                                 ;         ;
; aglobal130.inc                   ; yes             ; Megafunction                       ; c:/altera/13.0sp1/quartus/libraries/megafunctions/aglobal130.inc                               ;         ;
; lpm_add_sub.inc                  ; yes             ; Megafunction                       ; c:/altera/13.0sp1/quartus/libraries/megafunctions/lpm_add_sub.inc                              ;         ;
; multcore.inc                     ; yes             ; Megafunction                       ; c:/altera/13.0sp1/quartus/libraries/megafunctions/multcore.inc                                 ;         ;
; bypassff.inc                     ; yes             ; Megafunction                       ; c:/altera/13.0sp1/quartus/libraries/megafunctions/bypassff.inc                                 ;         ;
; altshift.inc                     ; yes             ; Megafunction                       ; c:/altera/13.0sp1/quartus/libraries/megafunctions/altshift.inc                                 ;         ;
; db/mult_36t.tdf                  ; yes             ; Auto-Generated Megafunction        ; X:/KURSKOD/tsiu03 Systemkonstruktion/TSIU03-VHDL-Gang/Code/BIG_SOUND_BLOCK/db/mult_36t.tdf     ;         ;
; multcore.tdf                     ; yes             ; Megafunction                       ; c:/altera/13.0sp1/quartus/libraries/megafunctions/multcore.tdf                                 ;         ;
; csa_add.inc                      ; yes             ; Megafunction                       ; c:/altera/13.0sp1/quartus/libraries/megafunctions/csa_add.inc                                  ;         ;
; mpar_add.inc                     ; yes             ; Megafunction                       ; c:/altera/13.0sp1/quartus/libraries/megafunctions/mpar_add.inc                                 ;         ;
; muleabz.inc                      ; yes             ; Megafunction                       ; c:/altera/13.0sp1/quartus/libraries/megafunctions/muleabz.inc                                  ;         ;
; mul_lfrg.inc                     ; yes             ; Megafunction                       ; c:/altera/13.0sp1/quartus/libraries/megafunctions/mul_lfrg.inc                                 ;         ;
; mul_boothc.inc                   ; yes             ; Megafunction                       ; c:/altera/13.0sp1/quartus/libraries/megafunctions/mul_boothc.inc                               ;         ;
; alt_ded_mult.inc                 ; yes             ; Megafunction                       ; c:/altera/13.0sp1/quartus/libraries/megafunctions/alt_ded_mult.inc                             ;         ;
; alt_ded_mult_y.inc               ; yes             ; Megafunction                       ; c:/altera/13.0sp1/quartus/libraries/megafunctions/alt_ded_mult_y.inc                           ;         ;
; dffpipe.inc                      ; yes             ; Megafunction                       ; c:/altera/13.0sp1/quartus/libraries/megafunctions/dffpipe.inc                                  ;         ;
; mpar_add.tdf                     ; yes             ; Megafunction                       ; c:/altera/13.0sp1/quartus/libraries/megafunctions/mpar_add.tdf                                 ;         ;
; lpm_add_sub.tdf                  ; yes             ; Megafunction                       ; c:/altera/13.0sp1/quartus/libraries/megafunctions/lpm_add_sub.tdf                              ;         ;
; addcore.inc                      ; yes             ; Megafunction                       ; c:/altera/13.0sp1/quartus/libraries/megafunctions/addcore.inc                                  ;         ;
; look_add.inc                     ; yes             ; Megafunction                       ; c:/altera/13.0sp1/quartus/libraries/megafunctions/look_add.inc                                 ;         ;
; alt_stratix_add_sub.inc          ; yes             ; Megafunction                       ; c:/altera/13.0sp1/quartus/libraries/megafunctions/alt_stratix_add_sub.inc                      ;         ;
; db/add_sub_qgh.tdf               ; yes             ; Auto-Generated Megafunction        ; X:/KURSKOD/tsiu03 Systemkonstruktion/TSIU03-VHDL-Gang/Code/BIG_SOUND_BLOCK/db/add_sub_qgh.tdf  ;         ;
; altshift.tdf                     ; yes             ; Megafunction                       ; c:/altera/13.0sp1/quartus/libraries/megafunctions/altshift.tdf                                 ;         ;
; db/mult_46t.tdf                  ; yes             ; Auto-Generated Megafunction        ; X:/KURSKOD/tsiu03 Systemkonstruktion/TSIU03-VHDL-Gang/Code/BIG_SOUND_BLOCK/db/mult_46t.tdf     ;         ;
+----------------------------------+-----------------+------------------------------------+------------------------------------------------------------------------------------------------+---------+


+---------------------------------------------------------+
; Analysis & Synthesis Resource Usage Summary             ;
+---------------------------------------------+-----------+
; Resource                                    ; Usage     ;
+---------------------------------------------+-----------+
; Estimated Total logic elements              ; 1,044     ;
;                                             ;           ;
; Total combinational functions               ; 962       ;
; Logic element usage by number of LUT inputs ;           ;
;     -- 4 input functions                    ; 442       ;
;     -- 3 input functions                    ; 363       ;
;     -- <=2 input functions                  ; 157       ;
;                                             ;           ;
; Logic elements by mode                      ;           ;
;     -- normal mode                          ; 666       ;
;     -- arithmetic mode                      ; 296       ;
;                                             ;           ;
; Total registers                             ; 367       ;
;     -- Dedicated logic registers            ; 367       ;
;     -- I/O registers                        ; 0         ;
;                                             ;           ;
; I/O pins                                    ; 73        ;
; Embedded Multiplier 9-bit elements          ; 8         ;
; Maximum fan-out node                        ; clk~input ;
; Maximum fan-out                             ; 367       ;
; Total fan-out                               ; 4660      ;
; Average fan-out                             ; 3.11      ;
+---------------------------------------------+-----------+


+---------------------------------------------------------------------------------------------------------------------------------------------------------------------------------------------------------------------------------------------------------------------------------------------------------------+
; Analysis & Synthesis Resource Utilization by Entity                                                                                                                                                                                                                                                           ;
+------------------------------------------------+-------------------+--------------+-------------+--------------+---------+-----------+------+--------------+-----------------------------------------------------------------------------------------------------------------------------------+--------------+
; Compilation Hierarchy Node                     ; LC Combinationals ; LC Registers ; Memory Bits ; DSP Elements ; DSP 9x9 ; DSP 18x18 ; Pins ; Virtual Pins ; Full Hierarchy Name                                                                                                               ; Library Name ;
+------------------------------------------------+-------------------+--------------+-------------+--------------+---------+-----------+------+--------------+-----------------------------------------------------------------------------------------------------------------------------------+--------------+
; |BIG_SOUND_BLOCK                               ; 962 (0)           ; 367 (0)      ; 0           ; 8            ; 0       ; 4         ; 73   ; 0            ; |BIG_SOUND_BLOCK                                                                                                                  ; work         ;
;    |Balance_Control:inst1|                     ; 30 (30)           ; 16 (16)      ; 0           ; 2            ; 0       ; 1         ; 0    ; 0            ; |BIG_SOUND_BLOCK|Balance_Control:inst1                                                                                            ; work         ;
;       |lpm_mult:Mult0|                         ; 0 (0)             ; 0 (0)        ; 0           ; 2            ; 0       ; 1         ; 0    ; 0            ; |BIG_SOUND_BLOCK|Balance_Control:inst1|lpm_mult:Mult0                                                                             ; work         ;
;          |mult_36t:auto_generated|             ; 0 (0)             ; 0 (0)        ; 0           ; 2            ; 0       ; 1         ; 0    ; 0            ; |BIG_SOUND_BLOCK|Balance_Control:inst1|lpm_mult:Mult0|mult_36t:auto_generated                                                     ; work         ;
;    |Dist:inst2|                                ; 97 (97)           ; 16 (16)      ; 0           ; 2            ; 0       ; 1         ; 0    ; 0            ; |BIG_SOUND_BLOCK|Dist:inst2                                                                                                       ; work         ;
;       |lpm_mult:Mult0|                         ; 0 (0)             ; 0 (0)        ; 0           ; 2            ; 0       ; 1         ; 0    ; 0            ; |BIG_SOUND_BLOCK|Dist:inst2|lpm_mult:Mult0                                                                                        ; work         ;
;          |mult_46t:auto_generated|             ; 0 (0)             ; 0 (0)        ; 0           ; 2            ; 0       ; 1         ; 0    ; 0            ; |BIG_SOUND_BLOCK|Dist:inst2|lpm_mult:Mult0|mult_46t:auto_generated                                                                ; work         ;
;    |ECHO_GEN:inst4|                            ; 699 (664)         ; 174 (174)    ; 0           ; 2            ; 0       ; 1         ; 0    ; 0            ; |BIG_SOUND_BLOCK|ECHO_GEN:inst4                                                                                                   ; work         ;
;       |lpm_mult:Mult0|                         ; 35 (0)            ; 0 (0)        ; 0           ; 0            ; 0       ; 0         ; 0    ; 0            ; |BIG_SOUND_BLOCK|ECHO_GEN:inst4|lpm_mult:Mult0                                                                                    ; work         ;
;          |multcore:mult_core|                  ; 35 (24)           ; 0 (0)        ; 0           ; 0            ; 0       ; 0         ; 0    ; 0            ; |BIG_SOUND_BLOCK|ECHO_GEN:inst4|lpm_mult:Mult0|multcore:mult_core                                                                 ; work         ;
;             |mpar_add:padder|                  ; 11 (0)            ; 0 (0)        ; 0           ; 0            ; 0       ; 0         ; 0    ; 0            ; |BIG_SOUND_BLOCK|ECHO_GEN:inst4|lpm_mult:Mult0|multcore:mult_core|mpar_add:padder                                                 ; work         ;
;                |lpm_add_sub:adder[0]|          ; 11 (0)            ; 0 (0)        ; 0           ; 0            ; 0       ; 0         ; 0    ; 0            ; |BIG_SOUND_BLOCK|ECHO_GEN:inst4|lpm_mult:Mult0|multcore:mult_core|mpar_add:padder|lpm_add_sub:adder[0]                            ; work         ;
;                   |add_sub_qgh:auto_generated| ; 11 (11)           ; 0 (0)        ; 0           ; 0            ; 0       ; 0         ; 0    ; 0            ; |BIG_SOUND_BLOCK|ECHO_GEN:inst4|lpm_mult:Mult0|multcore:mult_core|mpar_add:padder|lpm_add_sub:adder[0]|add_sub_qgh:auto_generated ; work         ;
;       |lpm_mult:Mult1|                         ; 0 (0)             ; 0 (0)        ; 0           ; 2            ; 0       ; 1         ; 0    ; 0            ; |BIG_SOUND_BLOCK|ECHO_GEN:inst4|lpm_mult:Mult1                                                                                    ; work         ;
;          |mult_36t:auto_generated|             ; 0 (0)             ; 0 (0)        ; 0           ; 2            ; 0       ; 1         ; 0    ; 0            ; |BIG_SOUND_BLOCK|ECHO_GEN:inst4|lpm_mult:Mult1|mult_36t:auto_generated                                                            ; work         ;
;    |SRAM_control:inst5|                        ; 55 (55)           ; 71 (71)      ; 0           ; 0            ; 0       ; 0         ; 0    ; 0            ; |BIG_SOUND_BLOCK|SRAM_control:inst5                                                                                               ; work         ;
;    |SndDriver:inst|                            ; 51 (1)            ; 74 (0)       ; 0           ; 0            ; 0       ; 0         ; 0    ; 0            ; |BIG_SOUND_BLOCK|SndDriver:inst                                                                                                   ; work         ;
;       |channel_mod:inst_left|                  ; 21 (21)           ; 32 (32)      ; 0           ; 0            ; 0       ; 0         ; 0    ; 0            ; |BIG_SOUND_BLOCK|SndDriver:inst|channel_mod:inst_left                                                                             ; work         ;
;       |channel_mod:inst_right|                 ; 19 (19)           ; 32 (32)      ; 0           ; 0            ; 0       ; 0         ; 0    ; 0            ; |BIG_SOUND_BLOCK|SndDriver:inst|channel_mod:inst_right                                                                            ; work         ;
;       |ctrl:inst_ctrl|                         ; 10 (10)           ; 10 (10)      ; 0           ; 0            ; 0       ; 0         ; 0    ; 0            ; |BIG_SOUND_BLOCK|SndDriver:inst|ctrl:inst_ctrl                                                                                    ; work         ;
;    |Volume_Control:inst3|                      ; 14 (14)           ; 16 (16)      ; 0           ; 2            ; 0       ; 1         ; 0    ; 0            ; |BIG_SOUND_BLOCK|Volume_Control:inst3                                                                                             ; work         ;
;       |lpm_mult:Mult0|                         ; 0 (0)             ; 0 (0)        ; 0           ; 2            ; 0       ; 1         ; 0    ; 0            ; |BIG_SOUND_BLOCK|Volume_Control:inst3|lpm_mult:Mult0                                                                              ; work         ;
;          |mult_36t:auto_generated|             ; 0 (0)             ; 0 (0)        ; 0           ; 2            ; 0       ; 1         ; 0    ; 0            ; |BIG_SOUND_BLOCK|Volume_Control:inst3|lpm_mult:Mult0|mult_36t:auto_generated                                                      ; work         ;
;    |my_mux:inst6|                              ; 16 (16)           ; 0 (0)        ; 0           ; 0            ; 0       ; 0         ; 0    ; 0            ; |BIG_SOUND_BLOCK|my_mux:inst6                                                                                                     ; work         ;
+------------------------------------------------+-------------------+--------------+-------------+--------------+---------+-----------+------+--------------+-----------------------------------------------------------------------------------------------------------------------------------+--------------+
Note: For table entries with two numbers listed, the numbers in parentheses indicate the number of resources of the given type used by the specific entity alone. The numbers listed outside of parentheses indicate the total resources of the given type used by the specific entity and all of its sub-entities in the hierarchy.


+-----------------------------------------------------+
; Analysis & Synthesis DSP Block Usage Summary        ;
+---------------------------------------+-------------+
; Statistic                             ; Number Used ;
+---------------------------------------+-------------+
; Simple Multipliers (9-bit)            ; 0           ;
; Simple Multipliers (18-bit)           ; 4           ;
; Embedded Multiplier Blocks            ; --          ;
; Embedded Multiplier 9-bit elements    ; 8           ;
; Signed Embedded Multipliers           ; 4           ;
; Unsigned Embedded Multipliers         ; 0           ;
; Mixed Sign Embedded Multipliers       ; 0           ;
; Variable Sign Embedded Multipliers    ; 0           ;
; Dedicated Input Shift Register Chains ; 0           ;
+---------------------------------------+-------------+
Note: number of Embedded Multiplier Blocks used is only available after a successful fit.


+-------------------------------------------------------------+
; Logic Cells Representing Combinational Loops                ;
+--------------------------------------------------------+----+
; Logic Cell Name                                        ;    ;
+--------------------------------------------------------+----+
; ECHO_GEN:inst4|Mult0~12                                ;    ;
; ECHO_GEN:inst4|Mult0~11                                ;    ;
; ECHO_GEN:inst4|Mult0~10                                ;    ;
; ECHO_GEN:inst4|Mult0~9                                 ;    ;
; ECHO_GEN:inst4|Mult0~8                                 ;    ;
; ECHO_GEN:inst4|Mult0~7                                 ;    ;
; ECHO_GEN:inst4|Mult0~6                                 ;    ;
; ECHO_GEN:inst4|Mult0~5                                 ;    ;
; ECHO_GEN:inst4|Mult0~4                                 ;    ;
; ECHO_GEN:inst4|Mult0~3                                 ;    ;
; ECHO_GEN:inst4|Mult0~2                                 ;    ;
; ECHO_GEN:inst4|Mult0~1                                 ;    ;
; ECHO_GEN:inst4|Mult0~0                                 ;    ;
; Number of logic cells representing combinational loops ; 13 ;
+--------------------------------------------------------+----+
Note: All cells listed above may not be present at the end of synthesis due to various synthesis optimizations.


+---------------------------------------------------------------------------------+
; Registers Removed During Synthesis                                              ;
+----------------------------------------+----------------------------------------+
; Register name                          ; Reason for Removal                     ;
+----------------------------------------+----------------------------------------+
; ECHO_GEN:inst4|ECHO3[15]               ; Merged with ECHO_GEN:inst4|ECHO3[14]   ;
; ECHO_GEN:inst4|ECHO4[15]               ; Merged with ECHO_GEN:inst4|ECHO4[14]   ;
; ECHO_GEN:inst4|ECHO5[14,15]            ; Merged with ECHO_GEN:inst4|ECHO5[13]   ;
; ECHO_GEN:inst4|ECHO6[14,15]            ; Merged with ECHO_GEN:inst4|ECHO6[13]   ;
; ECHO_GEN:inst4|ECHO7[13..15]           ; Merged with ECHO_GEN:inst4|ECHO7[12]   ;
; ECHO_GEN:inst4|ECHO8[13..15]           ; Merged with ECHO_GEN:inst4|ECHO8[12]   ;
; ECHO_GEN:inst4|ECHO9[12..15]           ; Merged with ECHO_GEN:inst4|ECHO9[11]   ;
; ECHO_GEN:inst4|ECHO10[12..15]          ; Merged with ECHO_GEN:inst4|ECHO10[11]  ;
; ECHO_GEN:inst4|offset[0..2]            ; Stuck at GND due to stuck port data_in ;
; Total Number of Removed Registers = 23 ;                                        ;
+----------------------------------------+----------------------------------------+


+------------------------------------------------------+
; General Register Statistics                          ;
+----------------------------------------------+-------+
; Statistic                                    ; Value ;
+----------------------------------------------+-------+
; Total registers                              ; 367   ;
; Number of registers using Synchronous Clear  ; 1     ;
; Number of registers using Synchronous Load   ; 15    ;
; Number of registers using Asynchronous Clear ; 156   ;
; Number of registers using Asynchronous Load  ; 0     ;
; Number of registers using Clock Enable       ; 338   ;
; Number of registers using Preset             ; 0     ;
+----------------------------------------------+-------+


+--------------------------------------------------------------------------------------------------------------------------------------------------------------------------------+
; Multiplexer Restructuring Statistics (Restructuring Performed)                                                                                                                 ;
+--------------------+-----------+---------------+----------------------+------------------------+------------+------------------------------------------------------------------+
; Multiplexer Inputs ; Bus Width ; Baseline Area ; Area if Restructured ; Saving if Restructured ; Registered ; Example Multiplexer Output                                       ;
+--------------------+-----------+---------------+----------------------+------------------------+------------+------------------------------------------------------------------+
; 3:1                ; 15 bits   ; 30 LEs        ; 15 LEs               ; 15 LEs                 ; Yes        ; |BIG_SOUND_BLOCK|SndDriver:inst|channel_mod:inst_left|TXReg[6]   ;
; 3:1                ; 16 bits   ; 32 LEs        ; 16 LEs               ; 16 LEs                 ; Yes        ; |BIG_SOUND_BLOCK|Balance_Control:inst1|result[21]                ;
; 3:1                ; 15 bits   ; 30 LEs        ; 15 LEs               ; 15 LEs                 ; Yes        ; |BIG_SOUND_BLOCK|SndDriver:inst|channel_mod:inst_right|TXReg[10] ;
; 3:1                ; 12 bits   ; 24 LEs        ; 12 LEs               ; 12 LEs                 ; Yes        ; |BIG_SOUND_BLOCK|ECHO_GEN:inst4|ECHO10[5]                        ;
; 4:1                ; 12 bits   ; 24 LEs        ; 12 LEs               ; 12 LEs                 ; Yes        ; |BIG_SOUND_BLOCK|ECHO_GEN:inst4|ECHO9[8]                         ;
; 6:1                ; 13 bits   ; 52 LEs        ; 13 LEs               ; 39 LEs                 ; Yes        ; |BIG_SOUND_BLOCK|ECHO_GEN:inst4|ECHO8[7]                         ;
; 8:1                ; 13 bits   ; 65 LEs        ; 13 LEs               ; 52 LEs                 ; Yes        ; |BIG_SOUND_BLOCK|ECHO_GEN:inst4|ECHO7[5]                         ;
; 10:1               ; 14 bits   ; 84 LEs        ; 14 LEs               ; 70 LEs                 ; Yes        ; |BIG_SOUND_BLOCK|ECHO_GEN:inst4|ECHO6[12]                        ;
; 12:1               ; 14 bits   ; 112 LEs       ; 14 LEs               ; 98 LEs                 ; Yes        ; |BIG_SOUND_BLOCK|ECHO_GEN:inst4|ECHO5[0]                         ;
; 14:1               ; 15 bits   ; 135 LEs       ; 15 LEs               ; 120 LEs                ; Yes        ; |BIG_SOUND_BLOCK|ECHO_GEN:inst4|ECHO4[6]                         ;
; 16:1               ; 15 bits   ; 150 LEs       ; 15 LEs               ; 135 LEs                ; Yes        ; |BIG_SOUND_BLOCK|ECHO_GEN:inst4|ECHO3[13]                        ;
; 18:1               ; 16 bits   ; 192 LEs       ; 16 LEs               ; 176 LEs                ; Yes        ; |BIG_SOUND_BLOCK|ECHO_GEN:inst4|ECHO2[13]                        ;
; 21:1               ; 16 bits   ; 224 LEs       ; 16 LEs               ; 208 LEs                ; Yes        ; |BIG_SOUND_BLOCK|ECHO_GEN:inst4|ECHO1[11]                        ;
; 23:1               ; 4 bits    ; 60 LEs        ; 32 LEs               ; 28 LEs                 ; Yes        ; |BIG_SOUND_BLOCK|ECHO_GEN:inst4|offset[2]                        ;
; 23:1               ; 12 bits   ; 180 LEs       ; 84 LEs               ; 96 LEs                 ; Yes        ; |BIG_SOUND_BLOCK|ECHO_GEN:inst4|offset[13]                       ;
; 3:1                ; 15 bits   ; 30 LEs        ; 30 LEs               ; 0 LEs                  ; Yes        ; |BIG_SOUND_BLOCK|Dist:inst2|sample_out_tmp[14]                   ;
+--------------------+-----------+---------------+----------------------+------------------------+------------+------------------------------------------------------------------+


+---------------------------------------------------------------------------------------+
; Parameter Settings for Inferred Entity Instance: Balance_Control:inst1|lpm_mult:Mult0 ;
+------------------------------------------------+--------------+-----------------------+
; Parameter Name                                 ; Value        ; Type                  ;
+------------------------------------------------+--------------+-----------------------+
; AUTO_CARRY_CHAINS                              ; ON           ; AUTO_CARRY            ;
; IGNORE_CARRY_BUFFERS                           ; OFF          ; IGNORE_CARRY          ;
; AUTO_CASCADE_CHAINS                            ; ON           ; AUTO_CASCADE          ;
; IGNORE_CASCADE_BUFFERS                         ; OFF          ; IGNORE_CASCADE        ;
; LPM_WIDTHA                                     ; 16           ; Untyped               ;
; LPM_WIDTHB                                     ; 16           ; Untyped               ;
; LPM_WIDTHP                                     ; 32           ; Untyped               ;
; LPM_WIDTHR                                     ; 32           ; Untyped               ;
; LPM_WIDTHS                                     ; 1            ; Untyped               ;
; LPM_REPRESENTATION                             ; SIGNED       ; Untyped               ;
; LPM_PIPELINE                                   ; 0            ; Untyped               ;
; LATENCY                                        ; 0            ; Untyped               ;
; INPUT_A_IS_CONSTANT                            ; NO           ; Untyped               ;
; INPUT_B_IS_CONSTANT                            ; NO           ; Untyped               ;
; USE_EAB                                        ; OFF          ; Untyped               ;
; MAXIMIZE_SPEED                                 ; 5            ; Untyped               ;
; DEVICE_FAMILY                                  ; Cyclone IV E ; Untyped               ;
; CARRY_CHAIN                                    ; MANUAL       ; Untyped               ;
; APEX20K_TECHNOLOGY_MAPPER                      ; LUT          ; TECH_MAPPER_APEX20K   ;
; DEDICATED_MULTIPLIER_CIRCUITRY                 ; AUTO         ; Untyped               ;
; DEDICATED_MULTIPLIER_MIN_INPUT_WIDTH_FOR_AUTO  ; 0            ; Untyped               ;
; DEDICATED_MULTIPLIER_MIN_OUTPUT_WIDTH_FOR_AUTO ; 0            ; Untyped               ;
; CBXI_PARAMETER                                 ; mult_36t     ; Untyped               ;
; INPUT_A_FIXED_VALUE                            ; Bx           ; Untyped               ;
; INPUT_B_FIXED_VALUE                            ; Bx           ; Untyped               ;
; USE_AHDL_IMPLEMENTATION                        ; OFF          ; Untyped               ;
+------------------------------------------------+--------------+-----------------------+
Note: In order to hide this table in the UI and the text report file, please set the "Show Parameter Settings in Synthesis Report" option in "Analysis and Synthesis Settings -> More Settings" to "Off".


+--------------------------------------------------------------------------------------+
; Parameter Settings for Inferred Entity Instance: Volume_Control:inst3|lpm_mult:Mult0 ;
+------------------------------------------------+--------------+----------------------+
; Parameter Name                                 ; Value        ; Type                 ;
+------------------------------------------------+--------------+----------------------+
; AUTO_CARRY_CHAINS                              ; ON           ; AUTO_CARRY           ;
; IGNORE_CARRY_BUFFERS                           ; OFF          ; IGNORE_CARRY         ;
; AUTO_CASCADE_CHAINS                            ; ON           ; AUTO_CASCADE         ;
; IGNORE_CASCADE_BUFFERS                         ; OFF          ; IGNORE_CASCADE       ;
; LPM_WIDTHA                                     ; 16           ; Untyped              ;
; LPM_WIDTHB                                     ; 16           ; Untyped              ;
; LPM_WIDTHP                                     ; 32           ; Untyped              ;
; LPM_WIDTHR                                     ; 32           ; Untyped              ;
; LPM_WIDTHS                                     ; 1            ; Untyped              ;
; LPM_REPRESENTATION                             ; SIGNED       ; Untyped              ;
; LPM_PIPELINE                                   ; 0            ; Untyped              ;
; LATENCY                                        ; 0            ; Untyped              ;
; INPUT_A_IS_CONSTANT                            ; NO           ; Untyped              ;
; INPUT_B_IS_CONSTANT                            ; NO           ; Untyped              ;
; USE_EAB                                        ; OFF          ; Untyped              ;
; MAXIMIZE_SPEED                                 ; 5            ; Untyped              ;
; DEVICE_FAMILY                                  ; Cyclone IV E ; Untyped              ;
; CARRY_CHAIN                                    ; MANUAL       ; Untyped              ;
; APEX20K_TECHNOLOGY_MAPPER                      ; LUT          ; TECH_MAPPER_APEX20K  ;
; DEDICATED_MULTIPLIER_CIRCUITRY                 ; AUTO         ; Untyped              ;
; DEDICATED_MULTIPLIER_MIN_INPUT_WIDTH_FOR_AUTO  ; 0            ; Untyped              ;
; DEDICATED_MULTIPLIER_MIN_OUTPUT_WIDTH_FOR_AUTO ; 0            ; Untyped              ;
; CBXI_PARAMETER                                 ; mult_36t     ; Untyped              ;
; INPUT_A_FIXED_VALUE                            ; Bx           ; Untyped              ;
; INPUT_B_FIXED_VALUE                            ; Bx           ; Untyped              ;
; USE_AHDL_IMPLEMENTATION                        ; OFF          ; Untyped              ;
+------------------------------------------------+--------------+----------------------+
Note: In order to hide this table in the UI and the text report file, please set the "Show Parameter Settings in Synthesis Report" option in "Analysis and Synthesis Settings -> More Settings" to "Off".


+-------------------------------------------------------------------------------------+
; Parameter Settings for Inferred Entity Instance: ECHO_GEN:inst4|lpm_mult:Mult0      ;
+------------------------------------------------+--------------+---------------------+
; Parameter Name                                 ; Value        ; Type                ;
+------------------------------------------------+--------------+---------------------+
; AUTO_CARRY_CHAINS                              ; ON           ; AUTO_CARRY          ;
; IGNORE_CARRY_BUFFERS                           ; OFF          ; IGNORE_CARRY        ;
; AUTO_CASCADE_CHAINS                            ; ON           ; AUTO_CASCADE        ;
; IGNORE_CASCADE_BUFFERS                         ; OFF          ; IGNORE_CASCADE      ;
; LPM_WIDTHA                                     ; 5            ; Untyped             ;
; LPM_WIDTHB                                     ; 13           ; Untyped             ;
; LPM_WIDTHP                                     ; 18           ; Untyped             ;
; LPM_WIDTHR                                     ; 18           ; Untyped             ;
; LPM_WIDTHS                                     ; 1            ; Untyped             ;
; LPM_REPRESENTATION                             ; UNSIGNED     ; Untyped             ;
; LPM_PIPELINE                                   ; 0            ; Untyped             ;
; LATENCY                                        ; 0            ; Untyped             ;
; INPUT_A_IS_CONSTANT                            ; NO           ; Untyped             ;
; INPUT_B_IS_CONSTANT                            ; YES          ; Untyped             ;
; USE_EAB                                        ; OFF          ; Untyped             ;
; MAXIMIZE_SPEED                                 ; 6            ; Untyped             ;
; DEVICE_FAMILY                                  ; Cyclone IV E ; Untyped             ;
; CARRY_CHAIN                                    ; MANUAL       ; Untyped             ;
; APEX20K_TECHNOLOGY_MAPPER                      ; LUT          ; TECH_MAPPER_APEX20K ;
; DEDICATED_MULTIPLIER_CIRCUITRY                 ; AUTO         ; Untyped             ;
; DEDICATED_MULTIPLIER_MIN_INPUT_WIDTH_FOR_AUTO  ; 0            ; Untyped             ;
; DEDICATED_MULTIPLIER_MIN_OUTPUT_WIDTH_FOR_AUTO ; 0            ; Untyped             ;
; CBXI_PARAMETER                                 ; NOTHING      ; Untyped             ;
; INPUT_A_FIXED_VALUE                            ; Bx           ; Untyped             ;
; INPUT_B_FIXED_VALUE                            ; Bx           ; Untyped             ;
; USE_AHDL_IMPLEMENTATION                        ; OFF          ; Untyped             ;
+------------------------------------------------+--------------+---------------------+
Note: In order to hide this table in the UI and the text report file, please set the "Show Parameter Settings in Synthesis Report" option in "Analysis and Synthesis Settings -> More Settings" to "Off".


+-------------------------------------------------------------------------------------+
; Parameter Settings for Inferred Entity Instance: Dist:inst2|lpm_mult:Mult0          ;
+------------------------------------------------+--------------+---------------------+
; Parameter Name                                 ; Value        ; Type                ;
+------------------------------------------------+--------------+---------------------+
; AUTO_CARRY_CHAINS                              ; ON           ; AUTO_CARRY          ;
; IGNORE_CARRY_BUFFERS                           ; OFF          ; IGNORE_CARRY        ;
; AUTO_CASCADE_CHAINS                            ; ON           ; AUTO_CASCADE        ;
; IGNORE_CASCADE_BUFFERS                         ; OFF          ; IGNORE_CASCADE      ;
; LPM_WIDTHA                                     ; 16           ; Untyped             ;
; LPM_WIDTHB                                     ; 12           ; Untyped             ;
; LPM_WIDTHP                                     ; 28           ; Untyped             ;
; LPM_WIDTHR                                     ; 28           ; Untyped             ;
; LPM_WIDTHS                                     ; 1            ; Untyped             ;
; LPM_REPRESENTATION                             ; SIGNED       ; Untyped             ;
; LPM_PIPELINE                                   ; 0            ; Untyped             ;
; LATENCY                                        ; 0            ; Untyped             ;
; INPUT_A_IS_CONSTANT                            ; NO           ; Untyped             ;
; INPUT_B_IS_CONSTANT                            ; NO           ; Untyped             ;
; USE_EAB                                        ; OFF          ; Untyped             ;
; MAXIMIZE_SPEED                                 ; 5            ; Untyped             ;
; DEVICE_FAMILY                                  ; Cyclone IV E ; Untyped             ;
; CARRY_CHAIN                                    ; MANUAL       ; Untyped             ;
; APEX20K_TECHNOLOGY_MAPPER                      ; LUT          ; TECH_MAPPER_APEX20K ;
; DEDICATED_MULTIPLIER_CIRCUITRY                 ; AUTO         ; Untyped             ;
; DEDICATED_MULTIPLIER_MIN_INPUT_WIDTH_FOR_AUTO  ; 0            ; Untyped             ;
; DEDICATED_MULTIPLIER_MIN_OUTPUT_WIDTH_FOR_AUTO ; 0            ; Untyped             ;
; CBXI_PARAMETER                                 ; mult_46t     ; Untyped             ;
; INPUT_A_FIXED_VALUE                            ; Bx           ; Untyped             ;
; INPUT_B_FIXED_VALUE                            ; Bx           ; Untyped             ;
; USE_AHDL_IMPLEMENTATION                        ; OFF          ; Untyped             ;
+------------------------------------------------+--------------+---------------------+
Note: In order to hide this table in the UI and the text report file, please set the "Show Parameter Settings in Synthesis Report" option in "Analysis and Synthesis Settings -> More Settings" to "Off".


+-------------------------------------------------------------------------------------+
; Parameter Settings for Inferred Entity Instance: ECHO_GEN:inst4|lpm_mult:Mult1      ;
+------------------------------------------------+--------------+---------------------+
; Parameter Name                                 ; Value        ; Type                ;
+------------------------------------------------+--------------+---------------------+
; AUTO_CARRY_CHAINS                              ; ON           ; AUTO_CARRY          ;
; IGNORE_CARRY_BUFFERS                           ; OFF          ; IGNORE_CARRY        ;
; AUTO_CASCADE_CHAINS                            ; ON           ; AUTO_CASCADE        ;
; IGNORE_CASCADE_BUFFERS                         ; OFF          ; IGNORE_CASCADE      ;
; LPM_WIDTHA                                     ; 16           ; Untyped             ;
; LPM_WIDTHB                                     ; 16           ; Untyped             ;
; LPM_WIDTHP                                     ; 32           ; Untyped             ;
; LPM_WIDTHR                                     ; 32           ; Untyped             ;
; LPM_WIDTHS                                     ; 1            ; Untyped             ;
; LPM_REPRESENTATION                             ; SIGNED       ; Untyped             ;
; LPM_PIPELINE                                   ; 0            ; Untyped             ;
; LATENCY                                        ; 0            ; Untyped             ;
; INPUT_A_IS_CONSTANT                            ; NO           ; Untyped             ;
; INPUT_B_IS_CONSTANT                            ; NO           ; Untyped             ;
; USE_EAB                                        ; OFF          ; Untyped             ;
; MAXIMIZE_SPEED                                 ; 5            ; Untyped             ;
; DEVICE_FAMILY                                  ; Cyclone IV E ; Untyped             ;
; CARRY_CHAIN                                    ; MANUAL       ; Untyped             ;
; APEX20K_TECHNOLOGY_MAPPER                      ; LUT          ; TECH_MAPPER_APEX20K ;
; DEDICATED_MULTIPLIER_CIRCUITRY                 ; AUTO         ; Untyped             ;
; DEDICATED_MULTIPLIER_MIN_INPUT_WIDTH_FOR_AUTO  ; 0            ; Untyped             ;
; DEDICATED_MULTIPLIER_MIN_OUTPUT_WIDTH_FOR_AUTO ; 0            ; Untyped             ;
; CBXI_PARAMETER                                 ; mult_36t     ; Untyped             ;
; INPUT_A_FIXED_VALUE                            ; Bx           ; Untyped             ;
; INPUT_B_FIXED_VALUE                            ; Bx           ; Untyped             ;
; USE_AHDL_IMPLEMENTATION                        ; OFF          ; Untyped             ;
+------------------------------------------------+--------------+---------------------+
Note: In order to hide this table in the UI and the text report file, please set the "Show Parameter Settings in Synthesis Report" option in "Analysis and Synthesis Settings -> More Settings" to "Off".


+------------------------------------------------------------------------------+
; lpm_mult Parameter Settings by Entity Instance                               ;
+---------------------------------------+--------------------------------------+
; Name                                  ; Value                                ;
+---------------------------------------+--------------------------------------+
; Number of entity instances            ; 5                                    ;
; Entity Instance                       ; Balance_Control:inst1|lpm_mult:Mult0 ;
;     -- LPM_WIDTHA                     ; 16                                   ;
;     -- LPM_WIDTHB                     ; 16                                   ;
;     -- LPM_WIDTHP                     ; 32                                   ;
;     -- LPM_REPRESENTATION             ; SIGNED                               ;
;     -- INPUT_A_IS_CONSTANT            ; NO                                   ;
;     -- INPUT_B_IS_CONSTANT            ; NO                                   ;
;     -- USE_EAB                        ; OFF                                  ;
;     -- DEDICATED_MULTIPLIER_CIRCUITRY ; AUTO                                 ;
;     -- INPUT_A_FIXED_VALUE            ; Bx                                   ;
;     -- INPUT_B_FIXED_VALUE            ; Bx                                   ;
; Entity Instance                       ; Volume_Control:inst3|lpm_mult:Mult0  ;
;     -- LPM_WIDTHA                     ; 16                                   ;
;     -- LPM_WIDTHB                     ; 16                                   ;
;     -- LPM_WIDTHP                     ; 32                                   ;
;     -- LPM_REPRESENTATION             ; SIGNED                               ;
;     -- INPUT_A_IS_CONSTANT            ; NO                                   ;
;     -- INPUT_B_IS_CONSTANT            ; NO                                   ;
;     -- USE_EAB                        ; OFF                                  ;
;     -- DEDICATED_MULTIPLIER_CIRCUITRY ; AUTO                                 ;
;     -- INPUT_A_FIXED_VALUE            ; Bx                                   ;
;     -- INPUT_B_FIXED_VALUE            ; Bx                                   ;
; Entity Instance                       ; ECHO_GEN:inst4|lpm_mult:Mult0        ;
;     -- LPM_WIDTHA                     ; 5                                    ;
;     -- LPM_WIDTHB                     ; 13                                   ;
;     -- LPM_WIDTHP                     ; 18                                   ;
;     -- LPM_REPRESENTATION             ; UNSIGNED                             ;
;     -- INPUT_A_IS_CONSTANT            ; NO                                   ;
;     -- INPUT_B_IS_CONSTANT            ; YES                                  ;
;     -- USE_EAB                        ; OFF                                  ;
;     -- DEDICATED_MULTIPLIER_CIRCUITRY ; AUTO                                 ;
;     -- INPUT_A_FIXED_VALUE            ; Bx                                   ;
;     -- INPUT_B_FIXED_VALUE            ; Bx                                   ;
; Entity Instance                       ; Dist:inst2|lpm_mult:Mult0            ;
;     -- LPM_WIDTHA                     ; 16                                   ;
;     -- LPM_WIDTHB                     ; 12                                   ;
;     -- LPM_WIDTHP                     ; 28                                   ;
;     -- LPM_REPRESENTATION             ; SIGNED                               ;
;     -- INPUT_A_IS_CONSTANT            ; NO                                   ;
;     -- INPUT_B_IS_CONSTANT            ; NO                                   ;
;     -- USE_EAB                        ; OFF                                  ;
;     -- DEDICATED_MULTIPLIER_CIRCUITRY ; AUTO                                 ;
;     -- INPUT_A_FIXED_VALUE            ; Bx                                   ;
;     -- INPUT_B_FIXED_VALUE            ; Bx                                   ;
; Entity Instance                       ; ECHO_GEN:inst4|lpm_mult:Mult1        ;
;     -- LPM_WIDTHA                     ; 16                                   ;
;     -- LPM_WIDTHB                     ; 16                                   ;
;     -- LPM_WIDTHP                     ; 32                                   ;
;     -- LPM_REPRESENTATION             ; SIGNED                               ;
;     -- INPUT_A_IS_CONSTANT            ; NO                                   ;
;     -- INPUT_B_IS_CONSTANT            ; NO                                   ;
;     -- USE_EAB                        ; OFF                                  ;
;     -- DEDICATED_MULTIPLIER_CIRCUITRY ; AUTO                                 ;
;     -- INPUT_A_FIXED_VALUE            ; Bx                                   ;
;     -- INPUT_B_FIXED_VALUE            ; Bx                                   ;
+---------------------------------------+--------------------------------------+


+-------------------------------+
; Elapsed Time Per Partition    ;
+----------------+--------------+
; Partition Name ; Elapsed Time ;
+----------------+--------------+
; Top            ; 00:00:06     ;
+----------------+--------------+


+-------------------------------+
; Analysis & Synthesis Messages ;
+-------------------------------+
Info: *******************************************************************
Info: Running Quartus II 64-Bit Analysis & Synthesis
    Info: Version 13.0.1 Build 232 06/12/2013 Service Pack 1 SJ Full Version
    Info: Processing started: Wed Oct 13 15:50:35 2021
Info: Command: quartus_map --read_settings_files=on --write_settings_files=off BIG_SOUND_BLOCK -c BIG_SOUND_BLOCK
Info (20030): Parallel compilation is enabled and will use 6 of the 6 processors detected
Info (12021): Found 1 design units, including 1 entities, in source file snddriver.bdf
    Info (12023): Found entity 1: SndDriver
Info (12021): Found 2 design units, including 1 entities, in source file echo_gen.vhd
    Info (12022): Found design unit 1: ECHO_GEN-rtl
    Info (12023): Found entity 1: ECHO_GEN
Info (12021): Found 2 design units, including 1 entities, in source file channel_mod.vhd
    Info (12022): Found design unit 1: channel_mod-rtl
    Info (12023): Found entity 1: channel_mod
Info (12021): Found 2 design units, including 1 entities, in source file volume_control.vhd
    Info (12022): Found design unit 1: Volume_Control-Volume
    Info (12023): Found entity 1: Volume_Control
Info (12021): Found 2 design units, including 1 entities, in source file dist.vhd
    Info (12022): Found design unit 1: Dist-distArch
    Info (12023): Found entity 1: Dist
Info (12021): Found 2 design units, including 1 entities, in source file sram_control.vhd
    Info (12022): Found design unit 1: SRAM_control-rtl
    Info (12023): Found entity 1: SRAM_control
Info (12021): Found 2 design units, including 1 entities, in source file ctrl.vhd
    Info (12022): Found design unit 1: ctrl-rtl
    Info (12023): Found entity 1: ctrl
Info (12021): Found 2 design units, including 1 entities, in source file my_mux.vhd
    Info (12022): Found design unit 1: my_mux-rtl
    Info (12023): Found entity 1: my_mux
Info (12021): Found 2 design units, including 1 entities, in source file balance_control.vhd
    Info (12022): Found design unit 1: Balance_Control-rtl
    Info (12023): Found entity 1: Balance_Control
Info (12021): Found 1 design units, including 1 entities, in source file big_sound_block.bdf
    Info (12023): Found entity 1: BIG_SOUND_BLOCK
Info (12127): Elaborating entity "BIG_SOUND_BLOCK" for the top level hierarchy
Info (12128): Elaborating entity "SndDriver" for hierarchy "SndDriver:inst"
Info (12128): Elaborating entity "channel_mod" for hierarchy "SndDriver:inst|channel_mod:inst_right"
Info (12128): Elaborating entity "ctrl" for hierarchy "SndDriver:inst|ctrl:inst_ctrl"
Info (12128): Elaborating entity "Balance_Control" for hierarchy "Balance_Control:inst1"
Info (12128): Elaborating entity "Volume_Control" for hierarchy "Volume_Control:inst3"
Info (12128): Elaborating entity "ECHO_GEN" for hierarchy "ECHO_GEN:inst4"
Info (12128): Elaborating entity "SRAM_control" for hierarchy "SRAM_control:inst5"
Info (12128): Elaborating entity "Dist" for hierarchy "Dist:inst2"
Info (12128): Elaborating entity "my_mux" for hierarchy "my_mux:inst6"
Info (278001): Inferred 5 megafunctions from design logic
    Info (278003): Inferred multiplier megafunction ("lpm_mult") from the following logic: "Balance_Control:inst1|Mult0"
    Info (278003): Inferred multiplier megafunction ("lpm_mult") from the following logic: "Volume_Control:inst3|Mult0"
    Info (278003): Inferred multiplier megafunction ("lpm_mult") from the following logic: "ECHO_GEN:inst4|Mult0"
    Info (278003): Inferred multiplier megafunction ("lpm_mult") from the following logic: "Dist:inst2|Mult0"
    Info (278003): Inferred multiplier megafunction ("lpm_mult") from the following logic: "ECHO_GEN:inst4|Mult1"
Info (12130): Elaborated megafunction instantiation "Balance_Control:inst1|lpm_mult:Mult0"
Info (12133): Instantiated megafunction "Balance_Control:inst1|lpm_mult:Mult0" with the following parameter:
    Info (12134): Parameter "LPM_WIDTHA" = "16"
    Info (12134): Parameter "LPM_WIDTHB" = "16"
    Info (12134): Parameter "LPM_WIDTHP" = "32"
    Info (12134): Parameter "LPM_WIDTHR" = "32"
    Info (12134): Parameter "LPM_WIDTHS" = "1"
    Info (12134): Parameter "LPM_REPRESENTATION" = "SIGNED"
    Info (12134): Parameter "INPUT_A_IS_CONSTANT" = "NO"
    Info (12134): Parameter "INPUT_B_IS_CONSTANT" = "NO"
    Info (12134): Parameter "MAXIMIZE_SPEED" = "5"
Info (12021): Found 1 design units, including 1 entities, in source file db/mult_36t.tdf
    Info (12023): Found entity 1: mult_36t
Info (12130): Elaborated megafunction instantiation "ECHO_GEN:inst4|lpm_mult:Mult0"
Info (12133): Instantiated megafunction "ECHO_GEN:inst4|lpm_mult:Mult0" with the following parameter:
    Info (12134): Parameter "LPM_WIDTHA" = "5"
    Info (12134): Parameter "LPM_WIDTHB" = "13"
    Info (12134): Parameter "LPM_WIDTHP" = "18"
    Info (12134): Parameter "LPM_WIDTHR" = "18"
    Info (12134): Parameter "LPM_WIDTHS" = "1"
    Info (12134): Parameter "LPM_REPRESENTATION" = "UNSIGNED"
    Info (12134): Parameter "INPUT_A_IS_CONSTANT" = "NO"
    Info (12134): Parameter "INPUT_B_IS_CONSTANT" = "YES"
    Info (12134): Parameter "MAXIMIZE_SPEED" = "6"
Info (12131): Elaborated megafunction instantiation "ECHO_GEN:inst4|lpm_mult:Mult0|multcore:mult_core", which is child of megafunction instantiation "ECHO_GEN:inst4|lpm_mult:Mult0"
Info (12131): Elaborated megafunction instantiation "ECHO_GEN:inst4|lpm_mult:Mult0|multcore:mult_core|mpar_add:padder", which is child of megafunction instantiation "ECHO_GEN:inst4|lpm_mult:Mult0"
Info (12131): Elaborated megafunction instantiation "ECHO_GEN:inst4|lpm_mult:Mult0|multcore:mult_core|mpar_add:padder|lpm_add_sub:adder[0]", which is child of megafunction instantiation "ECHO_GEN:inst4|lpm_mult:Mult0"
Info (12021): Found 1 design units, including 1 entities, in source file db/add_sub_qgh.tdf
    Info (12023): Found entity 1: add_sub_qgh
Info (12131): Elaborated megafunction instantiation "ECHO_GEN:inst4|lpm_mult:Mult0|altshift:external_latency_ffs", which is child of megafunction instantiation "ECHO_GEN:inst4|lpm_mult:Mult0"
Info (12130): Elaborated megafunction instantiation "Dist:inst2|lpm_mult:Mult0"
Info (12133): Instantiated megafunction "Dist:inst2|lpm_mult:Mult0" with the following parameter:
    Info (12134): Parameter "LPM_WIDTHA" = "16"
    Info (12134): Parameter "LPM_WIDTHB" = "12"
    Info (12134): Parameter "LPM_WIDTHP" = "28"
    Info (12134): Parameter "LPM_WIDTHR" = "28"
    Info (12134): Parameter "LPM_WIDTHS" = "1"
    Info (12134): Parameter "LPM_REPRESENTATION" = "SIGNED"
    Info (12134): Parameter "INPUT_A_IS_CONSTANT" = "NO"
    Info (12134): Parameter "INPUT_B_IS_CONSTANT" = "NO"
    Info (12134): Parameter "MAXIMIZE_SPEED" = "5"
Info (12021): Found 1 design units, including 1 entities, in source file db/mult_46t.tdf
    Info (12023): Found entity 1: mult_46t
Warning (13024): Output pins are stuck at VCC or GND
    Warning (13410): Pin "sram_ce" is stuck at GND
    Warning (13410): Pin "sram_oe" is stuck at GND
    Warning (13410): Pin "sram_lb" is stuck at GND
    Warning (13410): Pin "sram_ub" is stuck at GND
Info (286030): Timing-Driven Synthesis is running
Info (16010): Generating hard_block partition "hard_block:auto_generated_inst"
    Info (16011): Adding 0 node(s), including 0 DDIO, 0 PLL, 0 transceiver and 0 LCELL
Info (21057): Implemented 1126 device resources after synthesis - the final resource count might be different
    Info (21058): Implemented 27 input pins
    Info (21059): Implemented 30 output pins
    Info (21060): Implemented 16 bidirectional pins
    Info (21061): Implemented 1045 logic cells
    Info (21062): Implemented 8 DSP elements
Info: Quartus II 64-Bit Analysis & Synthesis was successful. 0 errors, 5 warnings
    Info: Peak virtual memory: 4675 megabytes
    Info: Processing ended: Wed Oct 13 15:50:51 2021
    Info: Elapsed time: 00:00:16
    Info: Total CPU time (on all processors): 00:00:07


